<?xml version="1.0" encoding="UTF-8"?>
<testng-results ignored="0" total="1" passed="1" failed="0" skipped="0">
  <reporter-output>
  </reporter-output>
  <suite started-at="2025-05-26T19:58:00 BOT" name="Surefire suite" finished-at="2025-05-26T19:58:07 BOT" duration-ms="7048">
    <groups>
    </groups>
    <test started-at="2025-05-26T19:58:00 BOT" name="Surefire test" finished-at="2025-05-26T19:58:07 BOT" duration-ms="7048">
      <class name="com.aprendojugando.qa.test.SeccionesPrincipalesTest">
        <test-method is-config="true" signature="setup()[pri:0, instance:com.aprendojugando.qa.test.SeccionesPrincipalesTest@7f010382]" started-at="2025-05-26T19:58:00 BOT" name="setup" finished-at="2025-05-26T19:58:01 BOT" duration-ms="1498" status="PASS">
          <reporter-output>
          </reporter-output>
        </test-method> <!-- setup -->
        <test-method signature="verificarVisibilidadSeccionesPrincipales()[pri:0, instance:com.aprendojugando.qa.test.SeccionesPrincipalesTest@7f010382]" started-at="2025-05-26T19:58:01 BOT" name="verificarVisibilidadSeccionesPrincipales" finished-at="2025-05-26T19:58:07 BOT" duration-ms="5278" status="PASS">
          <reporter-output>
          </reporter-output>
        </test-method> <!-- verificarVisibilidadSeccionesPrincipales -->
        <test-method is-config="true" signature="teardown()[pri:0, instance:com.aprendojugando.qa.test.SeccionesPrincipalesTest@7f010382]" started-at="2025-05-26T19:58:07 BOT" name="teardown" finished-at="2025-05-26T19:58:07 BOT" duration-ms="244" status="PASS">
          <reporter-output>
          </reporter-output>
        </test-method> <!-- teardown -->
      </class> <!-- com.aprendojugando.qa.test.SeccionesPrincipalesTest -->
    </test> <!-- Surefire test -->
  </suite> <!-- Surefire suite -->
</testng-results>
