<?xml version="1.0" encoding="UTF-8"?>
<testng-results ignored="0" total="1" passed="1" failed="0" skipped="0">
  <reporter-output>
  </reporter-output>
  <suite started-at="2025-05-26T19:51:10 BOT" name="Surefire suite" finished-at="2025-05-26T19:51:19 BOT" duration-ms="8671">
    <groups>
    </groups>
    <test started-at="2025-05-26T19:51:10 BOT" name="Surefire test" finished-at="2025-05-26T19:51:19 BOT" duration-ms="8671">
      <class name="com.aprendojugando.qa.test.AbecedarioTest">
        <test-method is-config="true" signature="setup()[pri:0, instance:com.aprendojugando.qa.test.AbecedarioTest@7f010382]" started-at="2025-05-26T19:51:10 BOT" name="setup" finished-at="2025-05-26T19:51:11 BOT" duration-ms="1588" status="PASS">
          <reporter-output>
          </reporter-output>
        </test-method> <!-- setup -->
        <test-method signature="verificarNavegacionAbecedarioEspanol()[pri:0, instance:com.aprendojugando.qa.test.AbecedarioTest@7f010382]" started-at="2025-05-26T19:51:12 BOT" name="verificarNavegacionAbecedarioEspanol" finished-at="2025-05-26T19:51:18 BOT" duration-ms="6808" status="PASS">
          <reporter-output>
          </reporter-output>
        </test-method> <!-- verificarNavegacionAbecedarioEspanol -->
        <test-method is-config="true" signature="teardown()[pri:0, instance:com.aprendojugando.qa.test.AbecedarioTest@7f010382]" started-at="2025-05-26T19:51:18 BOT" name="teardown" finished-at="2025-05-26T19:51:19 BOT" duration-ms="225" status="PASS">
          <reporter-output>
          </reporter-output>
        </test-method> <!-- teardown -->
      </class> <!-- com.aprendojugando.qa.test.AbecedarioTest -->
    </test> <!-- Surefire test -->
  </suite> <!-- Surefire suite -->
</testng-results>
